Arguments: 
  /Users/mauri/.nvm/versions/node/v8.10.0/bin/node /Users/mauri/.yarn/bin/yarn.js start

PATH: 
  /Users/mauri/.nvm/versions/node/v8.10.0/bin:/Users/mauri/Library/python/2.7/bin:/Users/mauri/.yarn/bin:/usr/local/bin:/usr/bin:/bin:/usr/sbin:/sbin

Yarn version: 
  1.5.1

Node version: 
  8.10.0

Platform: 
  darwin x64

npm manifest: 
  {
    "name": "sessionization",
    "version": "1.0.0",
    "description": "Sessionization",
    "main": "index.js",
    "repository": "https://github.com/maurish/sessionization",
    "author": "Pauli Perälä",
    "license": "MIT",
    "private": false,
    "dependencies": {
      "lazy": "^1.0.11",
      "ramda": "^0.25.0"
    },
    "scripts": {
      "start": "node index.js"
    }
  }

yarn manifest: 
  No manifest

Lockfile: 
  # THIS IS AN AUTOGENERATED FILE. DO NOT EDIT THIS FILE DIRECTLY.
  # yarn lockfile v1
  
  
  lazy@^1.0.11:
    version "1.0.11"
    resolved "https://registry.yarnpkg.com/lazy/-/lazy-1.0.11.tgz#daa068206282542c088288e975c297c1ae77b690"
  
  ramda@^0.25.0:
    version "0.25.0"
    resolved "https://registry.yarnpkg.com/ramda/-/ramda-0.25.0.tgz#8fdf68231cffa90bc2f9460390a0cb74a29b29a9"

Trace: 
  Error: Command failed.
  Exit code: 1
  Command: sh
  Arguments: -c node index.js
  Directory: /Users/mauri/Projects/sessionization
  Output:
  
      at ProcessTermError.MessageError (/Users/mauri/.yarn/lib/cli.js:186:110)
      at new ProcessTermError (/Users/mauri/.yarn/lib/cli.js:226:113)
      at ChildProcess.<anonymous> (/Users/mauri/.yarn/lib/cli.js:30281:17)
      at emitTwo (events.js:126:13)
      at ChildProcess.emit (events.js:214:7)
      at maybeClose (internal/child_process.js:925:16)
      at Process.ChildProcess._handle.onexit (internal/child_process.js:209:5)
